<?xml version="1.0" encoding="UTF-8"?>
<testsuites name="SauceDemo_Standard" time="13.247" tests="4" failures="0" errors="0">
   <testsuite name="SauceDemo_Standard" tests="4" failures="0" errors="0" time="13.247" skipped="0" timestamp="02-04-2024T14:32:14" hostname="1735 - 192.168.137.77" id="Test Suites/SauceDemo_Standard">
      <properties>
         <property name="deviceName" value=""/>
         <property name="devicePlatform" value=""/>
         <property name="logFolder" value="C:\\Users\\1735\\git\\katalon_saucedemo\\Reports\\20240402_143208\\SauceDemo_Standard\\20240402_143209"/>
         <property name="logFiles" value="C:\\Users\\1735\\git\\katalon_saucedemo\\Reports\\20240402_143208\\SauceDemo_Standard\\20240402_143209\\execution0.log"/>
         <property name="attachments" value=""/>
         <property name="hostName" value="1735 - 192.168.137.77"/>
         <property name="os" value="Windows 11 64bit"/>
         <property name="katalonVersion" value="9.3.2.212"/>
         <property name="browser" value="Chrome 123.0.0.0"/>
         <property name="hostAddress" value="192.168.137.77"/>
         <property name="sessionId" value="91fa2fde6dcff206595a6e8132c78e5a"/>
         <property name="seleniumVersion" value="3.141.59"/>
         <property name="proxyInformation" value="ProxyInformation { proxyOption=NO_PROXY, proxyServerType=HTTP, username=, password=********, proxyServerAddress=, proxyServerPort=0, executionList=&quot;&quot;, isApplyToDesiredCapabilities=true }"/>
         <property name="platform" value="Windows 11"/>
      </properties>
      <testcase name="Test Cases/Login" time="5.993" classname="Test Cases/Login" status="PASSED">
         <system-out><![CDATA[02-04-2024T14:32:14 - [TEST_CASE][PASSED] - Test Cases/Login: Test Cases/Login

02-04-2024T14:32:14 - [TEST_STEP][PASSED] - openBrowser(""): Browser is opened with url: ''

02-04-2024T14:32:15 - [MESSAGE][INFO] - Starting 'Chrome' driver

02-04-2024T14:32:15 - [MESSAGE][INFO] - Action delay is set to 0 milliseconds

02-04-2024T14:32:17 - [MESSAGE][PASSED] - Browser is opened with url: ''

02-04-2024T14:32:17 - [TEST_STEP][PASSED] - navigateToUrl("https://www.saucedemo.com/"): Navigate to 'https://www.saucedemo.com/' successfully

02-04-2024T14:32:17 - [MESSAGE][PASSED] - Navigate to 'https://www.saucedemo.com/' successfully

02-04-2024T14:32:17 - [TEST_STEP][PASSED] - setText(findTestObject("Object Repository/SauceDemo/Page_Swag Labs/input_Swag Labs_user-name"), username): Text 'standard_user' is set on object 'Object Repository/SauceDemo/Page_Swag Labs/input_Swag Labs_user-name'

02-04-2024T14:32:19 - [MESSAGE][PASSED] - Text 'standard_user' is set on object 'Object Repository/SauceDemo/Page_Swag Labs/input_Swag Labs_user-name'

02-04-2024T14:32:19 - [TEST_STEP][PASSED] - setEncryptedText(findTestObject("Object Repository/SauceDemo/Page_Swag Labs/input_Swag Labs_password"), password): Text ****** has been set on object 'Object Repository/SauceDemo/Page_Swag Labs/input_Swag Labs_password'

02-04-2024T14:32:20 - [MESSAGE][PASSED] - Text ****** has been set on object 'Object Repository/SauceDemo/Page_Swag Labs/input_Swag Labs_password'

02-04-2024T14:32:20 - [TEST_STEP][PASSED] - click(findTestObject("Object Repository/SauceDemo/Page_Swag Labs/input_Swag Labs_login-button")): Object: 'Object Repository/SauceDemo/Page_Swag Labs/input_Swag Labs_login-button' is clicked on

02-04-2024T14:32:20 - [MESSAGE][PASSED] - Object: 'Object Repository/SauceDemo/Page_Swag Labs/input_Swag Labs_login-button' is clicked on]]></system-out>
         <system-err><![CDATA[]]></system-err>
      </testcase>
      <testcase name="Test Cases/Add to Cart" time="2.451" classname="Test Cases/Add to Cart" status="PASSED">
         <system-out><![CDATA[02-04-2024T14:32:20 - [TEST_CASE][PASSED] - Test Cases/Add to Cart: Test Cases/Add to Cart

02-04-2024T14:32:20 - [TEST_STEP][PASSED] - click(findTestObject("Object Repository/SauceDemo/Page_Swag Labs/button_Add to cart")): Object: 'Object Repository/SauceDemo/Page_Swag Labs/button_Add to cart' is clicked on

02-04-2024T14:32:20 - [MESSAGE][PASSED] - Object: 'Object Repository/SauceDemo/Page_Swag Labs/button_Add to cart' is clicked on

02-04-2024T14:32:20 - [TEST_STEP][PASSED] - click(findTestObject("Object Repository/SauceDemo/Page_Swag Labs/button_Add to cart_1")): Object: 'Object Repository/SauceDemo/Page_Swag Labs/button_Add to cart_1' is clicked on

02-04-2024T14:32:21 - [MESSAGE][PASSED] - Object: 'Object Repository/SauceDemo/Page_Swag Labs/button_Add to cart_1' is clicked on

02-04-2024T14:32:21 - [TEST_STEP][PASSED] - click(findTestObject("Object Repository/SauceDemo/Page_Swag Labs/button_Add to cart_1_2")): Object: 'Object Repository/SauceDemo/Page_Swag Labs/button_Add to cart_1_2' is clicked on

02-04-2024T14:32:21 - [MESSAGE][PASSED] - Object: 'Object Repository/SauceDemo/Page_Swag Labs/button_Add to cart_1_2' is clicked on

02-04-2024T14:32:21 - [TEST_STEP][PASSED] - click(findTestObject("Object Repository/SauceDemo/Page_Swag Labs/a_3")): Object: 'Object Repository/SauceDemo/Page_Swag Labs/a_3' is clicked on

02-04-2024T14:32:22 - [MESSAGE][PASSED] - Object: 'Object Repository/SauceDemo/Page_Swag Labs/a_3' is clicked on

02-04-2024T14:32:22 - [TEST_STEP][PASSED] - click(findTestObject("Object Repository/SauceDemo/Page_Swag Labs/button_Checkout")): Object: 'Object Repository/SauceDemo/Page_Swag Labs/button_Checkout' is clicked on

02-04-2024T14:32:22 - [MESSAGE][PASSED] - Object: 'Object Repository/SauceDemo/Page_Swag Labs/button_Checkout' is clicked on]]></system-out>
         <system-err><![CDATA[]]></system-err>
      </testcase>
      <testcase name="Test Cases/Checkout" time="3.462" classname="Test Cases/Checkout" status="PASSED">
         <system-out><![CDATA[02-04-2024T14:32:22 - [TEST_CASE][PASSED] - Test Cases/Checkout: Test Cases/Checkout

02-04-2024T14:32:23 - [TEST_STEP][PASSED] - setText(findTestObject("Object Repository/SauceDemo/Page_Swag Labs/input_Checkout Your Information_firstName"), "Hola"): Text 'Hola' is set on object 'Object Repository/SauceDemo/Page_Swag Labs/input_Checkout Your Information_firstName'

02-04-2024T14:32:23 - [MESSAGE][PASSED] - Text 'Hola' is set on object 'Object Repository/SauceDemo/Page_Swag Labs/input_Checkout Your Information_firstName'

02-04-2024T14:32:23 - [TEST_STEP][PASSED] - setText(findTestObject("Object Repository/SauceDemo/Page_Swag Labs/input_Checkout Your Information_lastName"), "Ola"): Text 'Ola' is set on object 'Object Repository/SauceDemo/Page_Swag Labs/input_Checkout Your Information_lastName'

02-04-2024T14:32:24 - [MESSAGE][PASSED] - Text 'Ola' is set on object 'Object Repository/SauceDemo/Page_Swag Labs/input_Checkout Your Information_lastName'

02-04-2024T14:32:24 - [TEST_STEP][PASSED] - setText(findTestObject("Object Repository/SauceDemo/Page_Swag Labs/input_Checkout Your Information_postalCode"), "11470"): Text '11470' is set on object 'Object Repository/SauceDemo/Page_Swag Labs/input_Checkout Your Information_postalCode'

02-04-2024T14:32:25 - [MESSAGE][PASSED] - Text '11470' is set on object 'Object Repository/SauceDemo/Page_Swag Labs/input_Checkout Your Information_postalCode'

02-04-2024T14:32:25 - [TEST_STEP][PASSED] - click(findTestObject("Object Repository/SauceDemo/Page_Swag Labs/input_Cancel_continue")): Object: 'Object Repository/SauceDemo/Page_Swag Labs/input_Cancel_continue' is clicked on

02-04-2024T14:32:25 - [MESSAGE][PASSED] - Object: 'Object Repository/SauceDemo/Page_Swag Labs/input_Cancel_continue' is clicked on

02-04-2024T14:32:25 - [TEST_STEP][PASSED] - click(findTestObject("Object Repository/SauceDemo/Page_Swag Labs/button_Finish")): Object: 'Object Repository/SauceDemo/Page_Swag Labs/button_Finish' is clicked on

02-04-2024T14:32:26 - [MESSAGE][PASSED] - Object: 'Object Repository/SauceDemo/Page_Swag Labs/button_Finish' is clicked on]]></system-out>
         <system-err><![CDATA[]]></system-err>
      </testcase>
      <testcase name="Test Cases/Logout" time="1.076" classname="Test Cases/Logout" status="PASSED">
         <system-out><![CDATA[02-04-2024T14:32:26 - [TEST_CASE][PASSED] - Test Cases/Logout: Test Cases/Logout

02-04-2024T14:32:26 - [TEST_STEP][PASSED] - click(findTestObject("Object Repository/SauceDemo/Page_Swag Labs/button_Open Menu")): Object: 'Object Repository/SauceDemo/Page_Swag Labs/button_Open Menu' is clicked on

02-04-2024T14:32:26 - [MESSAGE][PASSED] - Object: 'Object Repository/SauceDemo/Page_Swag Labs/button_Open Menu' is clicked on

02-04-2024T14:32:26 - [TEST_STEP][PASSED] - click(findTestObject("Object Repository/SauceDemo/Page_Swag Labs/a_Logout")): Object: 'Object Repository/SauceDemo/Page_Swag Labs/a_Logout' is clicked on

02-04-2024T14:32:27 - [MESSAGE][PASSED] - Object: 'Object Repository/SauceDemo/Page_Swag Labs/a_Logout' is clicked on]]></system-out>
         <system-err><![CDATA[]]></system-err>
      </testcase>
      <system-out><![CDATA[02-04-2024T14:32:14 - [TEST_SUITE][PASSED] - SauceDemo_Standard: Test Cases/Logout]]></system-out>
      <system-err><![CDATA[]]></system-err>
   </testsuite>
</testsuites>
