<?xml version="1.0" encoding="UTF-8"?>
<testsuites name="SauceDemo_LockedOut" time="7.569" tests="1" failures="0" errors="0">
   <testsuite name="SauceDemo_LockedOut" tests="1" failures="0" errors="0" time="7.569" skipped="0" timestamp="02-04-2024T15:17:48" hostname="1735 - 192.168.137.77" id="Test Suites/SauceDemo_LockedOut">
      <properties>
         <property name="deviceName" value=""/>
         <property name="devicePlatform" value=""/>
         <property name="logFolder" value="C:\\Users\\1735\\git\\katalon_saucedemo\\Reports\\20240402_151741\\SauceDemo_LockedOut\\20240402_151741"/>
         <property name="logFiles" value="C:\\Users\\1735\\git\\katalon_saucedemo\\Reports\\20240402_151741\\SauceDemo_LockedOut\\20240402_151741\\execution0.log"/>
         <property name="attachments" value=""/>
         <property name="hostName" value="1735 - 192.168.137.77"/>
         <property name="os" value="Windows 11 64bit"/>
         <property name="katalonVersion" value="9.3.2.212"/>
         <property name="browser" value="Chrome 123.0.0.0"/>
         <property name="hostAddress" value="192.168.137.77"/>
         <property name="sessionId" value="5bf98f2b4d67ee14d958d4f892dea36f"/>
         <property name="seleniumVersion" value="3.141.59"/>
         <property name="proxyInformation" value="ProxyInformation { proxyOption=NO_PROXY, proxyServerType=HTTP, username=, password=********, proxyServerAddress=, proxyServerPort=0, executionList=&quot;&quot;, isApplyToDesiredCapabilities=true }"/>
         <property name="platform" value="Windows 11"/>
      </properties>
      <testcase name="Test Cases/Login" time="6.943" classname="Test Cases/Login" status="PASSED">
         <system-out><![CDATA[02-04-2024T15:17:48 - [TEST_CASE][PASSED] - Test Cases/Login: Test Cases/Login

02-04-2024T15:17:49 - [TEST_STEP][PASSED] - openBrowser(""): Browser is opened with url: ''

02-04-2024T15:17:49 - [MESSAGE][INFO] - Starting 'Chrome' driver

02-04-2024T15:17:49 - [MESSAGE][INFO] - Action delay is set to 0 milliseconds

02-04-2024T15:17:52 - [MESSAGE][PASSED] - Browser is opened with url: ''

02-04-2024T15:17:52 - [TEST_STEP][PASSED] - navigateToUrl("https://www.saucedemo.com/"): Navigate to 'https://www.saucedemo.com/' successfully

02-04-2024T15:17:52 - [MESSAGE][PASSED] - Navigate to 'https://www.saucedemo.com/' successfully

02-04-2024T15:17:52 - [TEST_STEP][PASSED] - setText(findTestObject("Object Repository/SauceDemo/Page_Swag Labs/input_Swag Labs_user-name"), username): Text 'locked_out_user' is set on object 'Object Repository/SauceDemo/Page_Swag Labs/input_Swag Labs_user-name'

02-04-2024T15:17:54 - [MESSAGE][PASSED] - Text 'locked_out_user' is set on object 'Object Repository/SauceDemo/Page_Swag Labs/input_Swag Labs_user-name'

02-04-2024T15:17:54 - [TEST_STEP][PASSED] - setEncryptedText(findTestObject("Object Repository/SauceDemo/Page_Swag Labs/input_Swag Labs_password"), password): Text ****** has been set on object 'Object Repository/SauceDemo/Page_Swag Labs/input_Swag Labs_password'

02-04-2024T15:17:55 - [MESSAGE][PASSED] - Text ****** has been set on object 'Object Repository/SauceDemo/Page_Swag Labs/input_Swag Labs_password'

02-04-2024T15:17:55 - [TEST_STEP][PASSED] - click(findTestObject("Object Repository/SauceDemo/Page_Swag Labs/input_Swag Labs_login-button")): Object: 'Object Repository/SauceDemo/Page_Swag Labs/input_Swag Labs_login-button' is clicked on

02-04-2024T15:17:55 - [MESSAGE][PASSED] - Object: 'Object Repository/SauceDemo/Page_Swag Labs/input_Swag Labs_login-button' is clicked on]]></system-out>
         <system-err><![CDATA[]]></system-err>
      </testcase>
      <system-out><![CDATA[02-04-2024T15:17:48 - [TEST_SUITE][PASSED] - SauceDemo_LockedOut: Test Cases/Login]]></system-out>
      <system-err><![CDATA[]]></system-err>
   </testsuite>
</testsuites>
